#
# A fatal error has been detected by the Java Runtime Environment:
#
#  Internal Error (javaClasses.cpp:136), pid=5213, tid=140332073629440
#  fatal error: Invalid layout of preloaded class
#
# JRE version:  (7.0_45-b18) (build )
# Java VM: Java HotSpot(TM) 64-Bit Server VM (24.45-b08 mixed mode linux-amd64 compressed oops)
# Failed to write core dump. Core dumps have been disabled. To enable core dumping, try "ulimit -c unlimited" before starting Java again
#
# If you would like to submit a bug report, please visit:
#   http://bugreport.sun.com/bugreport/crash.jsp
#

---------------  T H R E A D  ---------------

Current thread (0x00007fa19400a000):  JavaThread "Unknown thread" [_thread_in_vm, id=5219, stack(0x00007fa19b563000,0x00007fa19b664000)]

Stack: [0x00007fa19b563000,0x00007fa19b664000],  sp=0x00007fa19b6627c0,  free space=1021k
Native frames: (J=compiled Java code, j=interpreted, Vv=VM code, C=native code)
V  [libjvm.so+0x992c8a]  VMError::report_and_die()+0x2ea
V  [libjvm.so+0x493559]  report_fatal(char const*, int, char const*)+0x59
V  [libjvm.so+0x5fdd00]  compute_offset(int&, klassOopDesc*, Symbol*, Symbol*, bool)+0x140
V  [libjvm.so+0x5fe819]  java_lang_String::compute_offsets()+0x39
V  [libjvm.so+0x918f55]  SystemDictionary::initialize_preloaded_classes(Thread*)+0x1a5
V  [libjvm.so+0x967c94]  Universe::genesis(Thread*)+0x494
V  [libjvm.so+0x968149]  universe2_init()+0x29
V  [libjvm.so+0x5a969d]  init_globals()+0xbd
V  [libjvm.so+0x94ed1d]  Threads::create_vm(JavaVMInitArgs*, bool*)+0x1ed
V  [libjvm.so+0x630804]  JNI_CreateJavaVM+0x74
C  [libjli.so+0x2f8e]  JavaMain+0x9e


---------------  P R O C E S S  ---------------

Java Threads: ( => current thread )

Other Threads:

=>0x00007fa19400a000 (exited) JavaThread "Unknown thread" [_thread_in_vm, id=5219, stack(0x00007fa19b563000,0x00007fa19b664000)]

VM state:not at safepoint (not fully initialized)

VM Mutex/Monitor currently owned by a thread: None

GC Heap History (0 events):
No events

Deoptimization events (0 events):
No events

Internal exceptions (0 events):
No events

Events (10 events):
Event: 0.008 loading class 0x00007fa1980056f0 done
Event: 0.009 loading class 0x00007fa198005110 done
Event: 0.009 loading class 0x00007fa1980050f0
Event: 0.009 loading class 0x00007fa19800d1f0
Event: 0.009 loading class 0x00007fa19800d1f0 done
Event: 0.009 loading class 0x00007fa19800d220
Event: 0.009 loading class 0x00007fa19800d220 done
Event: 0.009 loading class 0x00007fa19800d250
Event: 0.009 loading class 0x00007fa19800d250 done
Event: 0.009 loading class 0x00007fa1980050f0 done


Dynamic libraries:
00400000-00401000 r-xp 00000000 08:09 1062905                            /usr/lib/jvm/jdk1.7.0_45/bin/java
00600000-00601000 rw-p 00000000 08:09 1062905                            /usr/lib/jvm/jdk1.7.0_45/bin/java
00d49000-00d6a000 rw-p 00000000 00:00 0                                  [heap]
77fc00000-781100000 rw-p 00000000 00:00 0 
781100000-784e00000 rw-p 00000000 00:00 0 
784e00000-78a000000 rw-p 00000000 00:00 0 
78a000000-7d6f00000 rw-p 00000000 00:00 0 
7d6f00000-7d9800000 rw-p 00000000 00:00 0 
7d9800000-800000000 rw-p 00000000 00:00 0 
7fa16ffe0000-7fa174000000 rw-p 00000000 00:00 0 
7fa174000000-7fa174021000 rw-p 00000000 00:00 0 
7fa174021000-7fa178000000 ---p 00000000 00:00 0 
7fa17c000000-7fa17c021000 rw-p 00000000 00:00 0 
7fa17c021000-7fa180000000 ---p 00000000 00:00 0 
7fa184000000-7fa184021000 rw-p 00000000 00:00 0 
7fa184021000-7fa188000000 ---p 00000000 00:00 0 
7fa18c000000-7fa18c021000 rw-p 00000000 00:00 0 
7fa18c021000-7fa190000000 ---p 00000000 00:00 0 
7fa190551000-7fa1907bb000 rw-p 00000000 00:00 0 
7fa1907bb000-7fa190885000 r--s 011ad000 08:09 663875                     /opt/sdk/platforms/android-18/android.jar
7fa190885000-7fa190cfd000 rw-p 00000000 00:00 0 
7fa190cfd000-7fa190cfe000 ---p 00000000 00:00 0 
7fa190cfe000-7fa190dfe000 rw-p 00000000 00:00 0                          [stack:5223]
7fa190dfe000-7fa190dff000 ---p 00000000 00:00 0 
7fa190dff000-7fa190eff000 rw-p 00000000 00:00 0                          [stack:5222]
7fa190eff000-7fa190f00000 ---p 00000000 00:00 0 
7fa190f00000-7fa191000000 rw-p 00000000 00:00 0                          [stack:5221]
7fa191000000-7fa191270000 rwxp 00000000 00:00 0 
7fa191270000-7fa194055000 rw-p 00000000 00:00 0 
7fa194055000-7fa198000000 ---p 00000000 00:00 0 
7fa198005000-7fa1980b1000 rw-p 00000000 00:00 0 
7fa1980b1000-7fa1980b2000 ---p 00000000 00:00 0 
7fa1980b2000-7fa1981bd000 rw-p 00000000 00:00 0                          [stack:5220]
7fa1981bd000-7fa1981db000 rw-p 00000000 00:00 0 
7fa1981db000-7fa198204000 rw-p 00000000 00:00 0 
7fa198204000-7fa19846c000 rw-p 00000000 00:00 0 
7fa19846c000-7fa198477000 rw-p 00000000 00:00 0 
7fa198477000-7fa198495000 rw-p 00000000 00:00 0 
7fa198495000-7fa1984be000 rw-p 00000000 00:00 0 
7fa1984be000-7fa198725000 rw-p 00000000 00:00 0 
7fa198725000-7fa19873a000 rw-p 00000000 00:00 0 
7fa19873a000-7fa19886e000 rw-p 00000000 00:00 0 
7fa19886e000-7fa19886f000 rw-p 00000000 00:00 0 
7fa19886f000-7fa198889000 r-xp 00000000 08:09 1596082                    /usr/lib/jvm/jdk1.7.0_45/jre/lib/amd64/libzip.so
7fa198889000-7fa198a89000 ---p 0001a000 08:09 1596082                    /usr/lib/jvm/jdk1.7.0_45/jre/lib/amd64/libzip.so
7fa198a89000-7fa198a8a000 rw-p 0001a000 08:09 1596082                    /usr/lib/jvm/jdk1.7.0_45/jre/lib/amd64/libzip.so
7fa198a8a000-7fa198a96000 r-xp 00000000 08:09 929710                     /lib/x86_64-linux-gnu/libnss_files-2.15.so
7fa198a96000-7fa198c95000 ---p 0000c000 08:09 929710                     /lib/x86_64-linux-gnu/libnss_files-2.15.so
7fa198c95000-7fa198c96000 r--p 0000b000 08:09 929710                     /lib/x86_64-linux-gnu/libnss_files-2.15.so
7fa198c96000-7fa198c97000 rw-p 0000c000 08:09 929710                     /lib/x86_64-linux-gnu/libnss_files-2.15.so
7fa198c97000-7fa198ca1000 r-xp 00000000 08:09 929807                     /lib/x86_64-linux-gnu/libnss_nis-2.15.so
7fa198ca1000-7fa198ea1000 ---p 0000a000 08:09 929807                     /lib/x86_64-linux-gnu/libnss_nis-2.15.so
7fa198ea1000-7fa198ea2000 r--p 0000a000 08:09 929807                     /lib/x86_64-linux-gnu/libnss_nis-2.15.so
7fa198ea2000-7fa198ea3000 rw-p 0000b000 08:09 929807                     /lib/x86_64-linux-gnu/libnss_nis-2.15.so
7fa198ea3000-7fa198eba000 r-xp 00000000 08:09 929911                     /lib/x86_64-linux-gnu/libnsl-2.15.so
7fa198eba000-7fa1990b9000 ---p 00017000 08:09 929911                     /lib/x86_64-linux-gnu/libnsl-2.15.so
7fa1990b9000-7fa1990ba000 r--p 00016000 08:09 929911                     /lib/x86_64-linux-gnu/libnsl-2.15.so
7fa1990ba000-7fa1990bb000 rw-p 00017000 08:09 929911                     /lib/x86_64-linux-gnu/libnsl-2.15.so
7fa1990bb000-7fa1990bd000 rw-p 00000000 00:00 0 
7fa1990bd000-7fa1990c5000 r-xp 00000000 08:09 929698                     /lib/x86_64-linux-gnu/libnss_compat-2.15.so
7fa1990c5000-7fa1992c4000 ---p 00008000 08:09 929698                     /lib/x86_64-linux-gnu/libnss_compat-2.15.so
7fa1992c4000-7fa1992c5000 r--p 00007000 08:09 929698                     /lib/x86_64-linux-gnu/libnss_compat-2.15.so
7fa1992c5000-7fa1992c6000 rw-p 00008000 08:09 929698                     /lib/x86_64-linux-gnu/libnss_compat-2.15.so
7fa1992c6000-7fa1992ef000 r-xp 00000000 08:09 1596073                    /usr/lib/jvm/jdk1.7.0_45/jre/lib/amd64/libjava.so
7fa1992ef000-7fa1994ef000 ---p 00029000 08:09 1596073                    /usr/lib/jvm/jdk1.7.0_45/jre/lib/amd64/libjava.so
7fa1994ef000-7fa1994f1000 rw-p 00029000 08:09 1596073                    /usr/lib/jvm/jdk1.7.0_45/jre/lib/amd64/libjava.so
7fa1994f1000-7fa1994fe000 r-xp 00000000 08:09 1596062                    /usr/lib/jvm/jdk1.7.0_45/jre/lib/amd64/libverify.so
7fa1994fe000-7fa1996fd000 ---p 0000d000 08:09 1596062                    /usr/lib/jvm/jdk1.7.0_45/jre/lib/amd64/libverify.so
7fa1996fd000-7fa1996ff000 rw-p 0000c000 08:09 1596062                    /usr/lib/jvm/jdk1.7.0_45/jre/lib/amd64/libverify.so
7fa1996ff000-7fa199706000 r-xp 00000000 08:09 929806                     /lib/x86_64-linux-gnu/librt-2.15.so
7fa199706000-7fa199905000 ---p 00007000 08:09 929806                     /lib/x86_64-linux-gnu/librt-2.15.so
7fa199905000-7fa199906000 r--p 00006000 08:09 929806                     /lib/x86_64-linux-gnu/librt-2.15.so
7fa199906000-7fa199907000 rw-p 00007000 08:09 929806                     /lib/x86_64-linux-gnu/librt-2.15.so
7fa199907000-7fa199a02000 r-xp 00000000 08:09 929901                     /lib/x86_64-linux-gnu/libm-2.15.so
7fa199a02000-7fa199c01000 ---p 000fb000 08:09 929901                     /lib/x86_64-linux-gnu/libm-2.15.so
7fa199c01000-7fa199c02000 r--p 000fa000 08:09 929901                     /lib/x86_64-linux-gnu/libm-2.15.so
7fa199c02000-7fa199c03000 rw-p 000fb000 08:09 929901                     /lib/x86_64-linux-gnu/libm-2.15.so
7fa199c03000-7fa19a765000 r-xp 00000000 08:09 1596080                    /usr/lib/jvm/jdk1.7.0_45/jre/lib/amd64/server/libjvm.so
7fa19a765000-7fa19a965000 ---p 00b62000 08:09 1596080                    /usr/lib/jvm/jdk1.7.0_45/jre/lib/amd64/server/libjvm.so
7fa19a965000-7fa19aa28000 rw-p 00b62000 08:09 1596080                    /usr/lib/jvm/jdk1.7.0_45/jre/lib/amd64/server/libjvm.so
7fa19aa28000-7fa19aa69000 rw-p 00000000 00:00 0 
7fa19aa69000-7fa19ac1e000 r-xp 00000000 08:09 929666                     /lib/x86_64-linux-gnu/libc-2.15.so
7fa19ac1e000-7fa19ae1e000 ---p 001b5000 08:09 929666                     /lib/x86_64-linux-gnu/libc-2.15.so
7fa19ae1e000-7fa19ae22000 r--p 001b5000 08:09 929666                     /lib/x86_64-linux-gnu/libc-2.15.so
7fa19ae22000-7fa19ae24000 rw-p 001b9000 08:09 929666                     /lib/x86_64-linux-gnu/libc-2.15.so
7fa19ae24000-7fa19ae29000 rw-p 00000000 00:00 0 
7fa19ae29000-7fa19ae2b000 r-xp 00000000 08:09 929906                     /lib/x86_64-linux-gnu/libdl-2.15.so
7fa19ae2b000-7fa19b02b000 ---p 00002000 08:09 929906                     /lib/x86_64-linux-gnu/libdl-2.15.so
7fa19b02b000-7fa19b02c000 r--p 00002000 08:09 929906                     /lib/x86_64-linux-gnu/libdl-2.15.so
7fa19b02c000-7fa19b02d000 rw-p 00003000 08:09 929906                     /lib/x86_64-linux-gnu/libdl-2.15.so
7fa19b02d000-7fa19b043000 r-xp 00000000 08:09 1062450                    /usr/lib/jvm/jdk1.7.0_45/lib/amd64/jli/libjli.so
7fa19b043000-7fa19b243000 ---p 00016000 08:09 1062450                    /usr/lib/jvm/jdk1.7.0_45/lib/amd64/jli/libjli.so
7fa19b243000-7fa19b244000 rw-p 00016000 08:09 1062450                    /usr/lib/jvm/jdk1.7.0_45/lib/amd64/jli/libjli.so
7fa19b244000-7fa19b25c000 r-xp 00000000 08:09 929808                     /lib/x86_64-linux-gnu/libpthread-2.15.so
7fa19b25c000-7fa19b45b000 ---p 00018000 08:09 929808                     /lib/x86_64-linux-gnu/libpthread-2.15.so
7fa19b45b000-7fa19b45c000 r--p 00017000 08:09 929808                     /lib/x86_64-linux-gnu/libpthread-2.15.so
7fa19b45c000-7fa19b45d000 rw-p 00018000 08:09 929808                     /lib/x86_64-linux-gnu/libpthread-2.15.so
7fa19b45d000-7fa19b461000 rw-p 00000000 00:00 0 
7fa19b461000-7fa19b483000 r-xp 00000000 08:09 929903                     /lib/x86_64-linux-gnu/ld-2.15.so
7fa19b4a3000-7fa19b4ad000 rw-p 00000000 00:00 0 
7fa19b4ad000-7fa19b563000 rw-p 00000000 00:00 0 
7fa19b563000-7fa19b566000 ---p 00000000 00:00 0 
7fa19b566000-7fa19b668000 rw-p 00000000 00:00 0                          [stack:5219]
7fa19b675000-7fa19b677000 rw-p 00000000 00:00 0 
7fa19b677000-7fa19b67f000 rw-s 00000000 08:09 2639513                    /tmp/hsperfdata_mark/5213
7fa19b67f000-7fa19b680000 rw-p 00000000 00:00 0 
7fa19b680000-7fa19b681000 r--p 00000000 00:00 0 
7fa19b681000-7fa19b683000 rw-p 00000000 00:00 0 
7fa19b683000-7fa19b684000 r--p 00022000 08:09 929903                     /lib/x86_64-linux-gnu/ld-2.15.so
7fa19b684000-7fa19b686000 rw-p 00023000 08:09 929903                     /lib/x86_64-linux-gnu/ld-2.15.so
7fffe2cc2000-7fffe2ce3000 rw-p 00000000 00:00 0                          [stack]
7fffe2dff000-7fffe2e00000 r-xp 00000000 00:00 0                          [vdso]
ffffffffff600000-ffffffffff601000 r-xp 00000000 00:00 0                  [vsyscall]

VM Arguments:
jvm_args: -Dfile.encoding=UTF-8 -Xbootclasspath:/opt/sdk/platforms/android-18/android.jar 
java_command: org.eclipse.jdt.internal.junit.runner.RemoteTestRunner -version 3 -port 58950 -testLoaderClass org.eclipse.jdt.internal.junit4.runner.JUnit4TestLoader -loaderpluginname org.eclipse.jdt.junit4.runtime -classNames com.grimewad.quizzyrascal.FullscreenActivityTest
Launcher Type: SUN_STANDARD

Environment Variables:
PATH=/home/mark/bin:/usr/lib/lightdm/lightdm:/usr/local/sbin:/usr/local/bin:/usr/sbin:/usr/bin:/sbin:/bin:/usr/games
SHELL=/bin/bash
DISPLAY=:0

Signal Handlers:
SIGSEGV: [libjvm.so+0x9935b0], sa_mask[0]=0x7ffbfeff, sa_flags=0x10000004
SIGBUS: [libjvm.so+0x9935b0], sa_mask[0]=0x7ffbfeff, sa_flags=0x10000004
SIGFPE: [libjvm.so+0x810330], sa_mask[0]=0x7ffbfeff, sa_flags=0x10000004
SIGPIPE: [libjvm.so+0x810330], sa_mask[0]=0x7ffbfeff, sa_flags=0x10000004
SIGXFSZ: [libjvm.so+0x810330], sa_mask[0]=0x7ffbfeff, sa_flags=0x10000004
SIGILL: [libjvm.so+0x810330], sa_mask[0]=0x7ffbfeff, sa_flags=0x10000004
SIGUSR1: SIG_DFL, sa_mask[0]=0x00000000, sa_flags=0x00000000
SIGUSR2: [libjvm.so+0x811820], sa_mask[0]=0x00000004, sa_flags=0x10000004
SIGHUP: SIG_DFL, sa_mask[0]=0x00000000, sa_flags=0x00000000
SIGINT: SIG_DFL, sa_mask[0]=0x00000000, sa_flags=0x00000000
SIGTERM: SIG_DFL, sa_mask[0]=0x00000000, sa_flags=0x00000000
SIGQUIT: SIG_DFL, sa_mask[0]=0x00000000, sa_flags=0x00000000


---------------  S Y S T E M  ---------------

OS:wheezy/sid

uname:Linux 3.5.0-45-generic #68~precise1-Ubuntu SMP Wed Dec 4 16:18:46 UTC 2013 x86_64
libc:glibc 2.15 NPTL 2.15 
rlimit: STACK 8192k, CORE 0k, NPROC 61391, NOFILE 4096, AS infinity
load average:0.28 0.26 0.24

/proc/meminfo:
MemTotal:        8061300 kB
MemFree:         2627340 kB
Buffers:          267332 kB
Cached:          3106556 kB
SwapCached:            0 kB
Active:          2739704 kB
Inactive:        2334000 kB
Active(anon):    1727612 kB
Inactive(anon):   299856 kB
Active(file):    1012092 kB
Inactive(file):  2034144 kB
Unevictable:          56 kB
Mlocked:              56 kB
SwapTotal:       8269820 kB
SwapFree:        8269820 kB
Dirty:               344 kB
Writeback:             0 kB
AnonPages:       1700008 kB
Mapped:           211164 kB
Shmem:            327400 kB
Slab:             220260 kB
SReclaimable:     187860 kB
SUnreclaim:        32400 kB
KernelStack:        4272 kB
PageTables:        41264 kB
NFS_Unstable:          0 kB
Bounce:                0 kB
WritebackTmp:          0 kB
CommitLimit:    12300468 kB
Committed_AS:    5786136 kB
VmallocTotal:   34359738367 kB
VmallocUsed:      450656 kB
VmallocChunk:   34359278496 kB
HardwareCorrupted:     0 kB
AnonHugePages:         0 kB
HugePages_Total:       0
HugePages_Free:        0
HugePages_Rsvd:        0
HugePages_Surp:        0
Hugepagesize:       2048 kB
DirectMap4k:       67584 kB
DirectMap2M:     8296448 kB


CPU:total 4 (2 cores per cpu, 2 threads per core) family 6 model 58 stepping 9, cmov, cx8, fxsr, mmx, sse, sse2, sse3, ssse3, sse4.1, sse4.2, popcnt, avx, aes, erms, ht, tsc, tscinvbit, tscinv

/proc/cpuinfo:
processor	: 0
vendor_id	: GenuineIntel
cpu family	: 6
model		: 58
model name	: Intel(R) Core(TM) i7-3537U CPU @ 2.00GHz
stepping	: 9
microcode	: 0x17
cpu MHz		: 2501.000
cache size	: 4096 KB
physical id	: 0
siblings	: 4
core id		: 0
cpu cores	: 2
apicid		: 0
initial apicid	: 0
fpu		: yes
fpu_exception	: yes
cpuid level	: 13
wp		: yes
flags		: fpu vme de pse tsc msr pae mce cx8 apic sep mtrr pge mca cmov pat pse36 clflush dts acpi mmx fxsr sse sse2 ss ht tm pbe syscall nx rdtscp lm constant_tsc arch_perfmon pebs bts rep_good nopl xtopology nonstop_tsc aperfmperf pni pclmulqdq dtes64 monitor ds_cpl vmx est tm2 ssse3 cx16 xtpr pdcm pcid sse4_1 sse4_2 x2apic popcnt tsc_deadline_timer aes xsave avx f16c rdrand lahf_lm ida arat epb xsaveopt pln pts dtherm tpr_shadow vnmi flexpriority ept vpid fsgsbase smep erms
bogomips	: 4988.24
clflush size	: 64
cache_alignment	: 64
address sizes	: 36 bits physical, 48 bits virtual
power management:

processor	: 1
vendor_id	: GenuineIntel
cpu family	: 6
model		: 58
model name	: Intel(R) Core(TM) i7-3537U CPU @ 2.00GHz
stepping	: 9
microcode	: 0x17
cpu MHz		: 2501.000
cache size	: 4096 KB
physical id	: 0
siblings	: 4
core id		: 1
cpu cores	: 2
apicid		: 2
initial apicid	: 2
fpu		: yes
fpu_exception	: yes
cpuid level	: 13
wp		: yes
flags		: fpu vme de pse tsc msr pae mce cx8 apic sep mtrr pge mca cmov pat pse36 clflush dts acpi mmx fxsr sse sse2 ss ht tm pbe syscall nx rdtscp lm constant_tsc arch_perfmon pebs bts rep_good nopl xtopology nonstop_tsc aperfmperf pni pclmulqdq dtes64 monitor ds_cpl vmx est tm2 ssse3 cx16 xtpr pdcm pcid sse4_1 sse4_2 x2apic popcnt tsc_deadline_timer aes xsave avx f16c rdrand lahf_lm ida arat epb xsaveopt pln pts dtherm tpr_shadow vnmi flexpriority ept vpid fsgsbase smep erms
bogomips	: 4988.24
clflush size	: 64
cache_alignment	: 64
address sizes	: 36 bits physical, 48 bits virtual
power management:

processor	: 2
vendor_id	: GenuineIntel
cpu family	: 6
model		: 58
model name	: Intel(R) Core(TM) i7-3537U CPU @ 2.00GHz
stepping	: 9
microcode	: 0x17
cpu MHz		: 2501.000
cache size	: 4096 KB
physical id	: 0
siblings	: 4
core id		: 0
cpu cores	: 2
apicid		: 1
initial apicid	: 1
fpu		: yes
fpu_exception	: yes
cpuid level	: 13
wp		: yes
flags		: fpu vme de pse tsc msr pae mce cx8 apic sep mtrr pge mca cmov pat pse36 clflush dts acpi mmx fxsr sse sse2 ss ht tm pbe syscall nx rdtscp lm constant_tsc arch_perfmon pebs bts rep_good nopl xtopology nonstop_tsc aperfmperf pni pclmulqdq dtes64 monitor ds_cpl vmx est tm2 ssse3 cx16 xtpr pdcm pcid sse4_1 sse4_2 x2apic popcnt tsc_deadline_timer aes xsave avx f16c rdrand lahf_lm ida arat epb xsaveopt pln pts dtherm tpr_shadow vnmi flexpriority ept vpid fsgsbase smep erms
bogomips	: 4988.24
clflush size	: 64
cache_alignment	: 64
address sizes	: 36 bits physical, 48 bits virtual
power management:

processor	: 3
vendor_id	: GenuineIntel
cpu family	: 6
model		: 58
model name	: Intel(R) Core(TM) i7-3537U CPU @ 2.00GHz
stepping	: 9
microcode	: 0x17
cpu MHz		: 2501.000
cache size	: 4096 KB
physical id	: 0
siblings	: 4
core id		: 1
cpu cores	: 2
apicid		: 3
initial apicid	: 3
fpu		: yes
fpu_exception	: yes
cpuid level	: 13
wp		: yes
flags		: fpu vme de pse tsc msr pae mce cx8 apic sep mtrr pge mca cmov pat pse36 clflush dts acpi mmx fxsr sse sse2 ss ht tm pbe syscall nx rdtscp lm constant_tsc arch_perfmon pebs bts rep_good nopl xtopology nonstop_tsc aperfmperf pni pclmulqdq dtes64 monitor ds_cpl vmx est tm2 ssse3 cx16 xtpr pdcm pcid sse4_1 sse4_2 x2apic popcnt tsc_deadline_timer aes xsave avx f16c rdrand lahf_lm ida arat epb xsaveopt pln pts dtherm tpr_shadow vnmi flexpriority ept vpid fsgsbase smep erms
bogomips	: 4988.24
clflush size	: 64
cache_alignment	: 64
address sizes	: 36 bits physical, 48 bits virtual
power management:



Memory: 4k page, physical 8061300k(2627340k free), swap 8269820k(8269820k free)

vm_info: Java HotSpot(TM) 64-Bit Server VM (24.45-b08) for linux-amd64 JRE (1.7.0_45-b18), built on Oct  8 2013 05:44:25 by "java_re" with gcc 4.3.0 20080428 (Red Hat 4.3.0-8)

time: Thu Feb 20 21:04:21 2014
elapsed time: 0 seconds

